<?xml version="1.0" encoding="UTF-8"?>
<!-- Generated by org.testng.reporters.JUnitXMLReporter -->
<testsuite hostname="H2400-0384L" name="create test - IE" tests="1" failures="1" timestamp="28 Jul 2014 08:11:21 GMT" time="9.687" errors="0">
  <testcase name="loginSucess" time="3.334" classname="com.testcases.TC01_Login">
    <failure type="java.lang.AssertionError">
      <![CDATA[java.lang.AssertionError
	at com.testcases.TC01_Login.loginSucess(TC01_Login.java:23)
... Removed 24 stack frames]]>
    </failure>
  </testcase> <!-- loginSucess -->
</testsuite> <!-- create test - IE -->
